<?xml version="1.0" encoding="UTF-8"?>
<!-- Generated by org.testng.reporters.JUnitReportReporter -->
<testsuite skipped="0" hostname="ACBD1WGN4S" name="com.acttime.usertest.UserTest" tests="3" failures="0" timestamp="09 Jun 2018 02:50:47 GMT" time="29.983" errors="0">
  <testcase name="createUserTest" time="8.204" classname="com.acttime.usertest.UserTest"/>
  <testcase name="searchUserTest" time="6.518" classname="com.acttime.usertest.UserTest"/>
  <testcase name="modifyUserTest" time="15.261" classname="com.acttime.usertest.UserTest"/>
</testsuite> <!-- com.acttime.usertest.UserTest -->
