<?xml version="1.0" encoding="UTF-8"?>
<!-- Generated by org.testng.reporters.JUnitReportReporter -->
<testsuite skipped="0" hostname="ACBD1WGN4S" name="com.acttime.customertest.CustomerTest" tests="2" failures="0" timestamp="08 Jun 2018 14:41:49 GMT" time="30.241" errors="0">
  <testcase name="createCustomerWitDecTest" time="12.479" classname="com.acttime.customertest.CustomerTest"/>
  <testcase name="createCustomerTest" time="17.762" classname="com.acttime.customertest.CustomerTest"/>
</testsuite> <!-- com.acttime.customertest.CustomerTest -->
